{"/Users/myfiles/Study.web/Main_working_folder/Courses_to_learn/Ulbi_Продвинутый_react/local-ulbi-course/1-part/1/src/shared/lib/classNames/classNames.js": {"path":"/Users/myfiles/Study.web/Main_working_folder/Courses_to_learn/Ulbi_Продвинутый_react/local-ulbi-course/1-part/1/src/shared/lib/classNames/classNames.js","statementMap":{"0":{"start":{"line":2,"column":20},"end":{"line":10,"column":1}},"1":{"start":{"line":3,"column":4},"end":{"line":8,"column":5}},"2":{"start":{"line":3,"column":40},"end":{"line":8,"column":5}},"3":{"start":{"line":3,"column":53},"end":{"line":3,"column":54}},"4":{"start":{"line":3,"column":60},"end":{"line":3,"column":71}},"5":{"start":{"line":4,"column":8},"end":{"line":7,"column":9}},"6":{"start":{"line":5,"column":12},"end":{"line":5,"column":65}},"7":{"start":{"line":5,"column":21},"end":{"line":5,"column":65}},"8":{"start":{"line":6,"column":12},"end":{"line":6,"column":28}},"9":{"start":{"line":9,"column":4},"end":{"line":9,"column":61}},"10":{"start":{"line":11,"column":0},"end":{"line":11,"column":26}},"11":{"start":{"line":12,"column":0},"end":{"line":12,"column":28}},"12":{"start":{"line":14,"column":4},"end":{"line":14,"column":39}},"13":{"start":{"line":14,"column":27},"end":{"line":14,"column":37}},"14":{"start":{"line":15,"column":4},"end":{"line":15,"column":51}},"15":{"start":{"line":15,"column":33},"end":{"line":15,"column":49}},"16":{"start":{"line":16,"column":4},"end":{"line":26,"column":24}},"17":{"start":{"line":20,"column":24},"end":{"line":20,"column":29}},"18":{"start":{"line":20,"column":39},"end":{"line":20,"column":44}},"19":{"start":{"line":21,"column":8},"end":{"line":21,"column":30}},"20":{"start":{"line":24,"column":24},"end":{"line":24,"column":29}},"21":{"start":{"line":25,"column":8},"end":{"line":25,"column":25}},"22":{"start":{"line":28,"column":0},"end":{"line":28,"column":32}}},"fnMap":{"0":{"name":"(anonymous_0)","decl":{"start":{"line":2,"column":52},"end":{"line":2,"column":53}},"loc":{"start":{"line":2,"column":78},"end":{"line":10,"column":1}},"line":2},"1":{"name":"classNames","decl":{"start":{"line":13,"column":9},"end":{"line":13,"column":19}},"loc":{"start":{"line":13,"column":43},"end":{"line":27,"column":1}},"line":13},"2":{"name":"(anonymous_2)","decl":{"start":{"line":19,"column":16},"end":{"line":19,"column":17}},"loc":{"start":{"line":19,"column":30},"end":{"line":22,"column":5}},"line":19},"3":{"name":"(anonymous_3)","decl":{"start":{"line":23,"column":13},"end":{"line":23,"column":14}},"loc":{"start":{"line":23,"column":27},"end":{"line":26,"column":5}},"line":23}},"branchMap":{"0":{"loc":{"start":{"line":2,"column":20},"end":{"line":10,"column":1}},"type":"binary-expr","locations":[{"start":{"line":2,"column":21},"end":{"line":2,"column":25}},{"start":{"line":2,"column":29},"end":{"line":2,"column":47}},{"start":{"line":2,"column":52},"end":{"line":10,"column":1}}],"line":2},"1":{"loc":{"start":{"line":3,"column":4},"end":{"line":8,"column":5}},"type":"if","locations":[{"start":{"line":3,"column":4},"end":{"line":8,"column":5}},{"start":{},"end":{}}],"line":3},"2":{"loc":{"start":{"line":3,"column":8},"end":{"line":3,"column":38}},"type":"binary-expr","locations":[{"start":{"line":3,"column":8},"end":{"line":3,"column":12}},{"start":{"line":3,"column":16},"end":{"line":3,"column":38}}],"line":3},"3":{"loc":{"start":{"line":4,"column":8},"end":{"line":7,"column":9}},"type":"if","locations":[{"start":{"line":4,"column":8},"end":{"line":7,"column":9}},{"start":{},"end":{}}],"line":4},"4":{"loc":{"start":{"line":4,"column":12},"end":{"line":4,"column":30}},"type":"binary-expr","locations":[{"start":{"line":4,"column":12},"end":{"line":4,"column":14}},{"start":{"line":4,"column":18},"end":{"line":4,"column":30}}],"line":4},"5":{"loc":{"start":{"line":5,"column":12},"end":{"line":5,"column":65}},"type":"if","locations":[{"start":{"line":5,"column":12},"end":{"line":5,"column":65}},{"start":{},"end":{}}],"line":5},"6":{"loc":{"start":{"line":9,"column":21},"end":{"line":9,"column":59}},"type":"binary-expr","locations":[{"start":{"line":9,"column":21},"end":{"line":9,"column":23}},{"start":{"line":9,"column":27},"end":{"line":9,"column":59}}],"line":9},"7":{"loc":{"start":{"line":14,"column":4},"end":{"line":14,"column":39}},"type":"if","locations":[{"start":{"line":14,"column":4},"end":{"line":14,"column":39}},{"start":{},"end":{}}],"line":14},"8":{"loc":{"start":{"line":15,"column":4},"end":{"line":15,"column":51}},"type":"if","locations":[{"start":{"line":15,"column":4},"end":{"line":15,"column":51}},{"start":{},"end":{}}],"line":15}},"s":{"0":1,"1":6,"2":6,"3":6,"4":6,"5":8,"6":0,"7":0,"8":0,"9":6,"10":1,"11":1,"12":3,"13":0,"14":3,"15":0,"16":3,"17":7,"18":7,"19":7,"20":3,"21":3,"22":1},"f":{"0":6,"1":3,"2":7,"3":3},"b":{"0":[1,0,1],"1":[6,0],"2":[6,0],"3":[0,8],"4":[8,8],"5":[0,0],"6":[6,6],"7":[0,3],"8":[0,3]},"_coverageSchema":"1a1c01bbd47fc00a2c39e90264f33305004495a9","hash":"25a4c0a54cf26ef8f780541a394bacc587330389"}
}
