TN:
SF:src/shared/lib/classNames/classNames.js
FN:2,(anonymous_0)
FN:13,classNames
FN:19,(anonymous_2)
FN:23,(anonymous_3)
FNF:4
FNH:4
FNDA:16,(anonymous_0)
FNDA:8,classNames
FNDA:7,(anonymous_2)
FNDA:3,(anonymous_3)
DA:2,2
DA:3,16
DA:4,14
DA:5,0
DA:6,0
DA:9,16
DA:11,2
DA:12,2
DA:14,8
DA:15,8
DA:16,8
DA:20,7
DA:21,7
DA:24,3
DA:25,3
DA:28,2
LF:16
LH:14
BRDA:2,0,0,2
BRDA:2,0,1,0
BRDA:2,0,2,2
BRDA:3,1,0,16
BRDA:3,1,1,0
BRDA:3,2,0,16
BRDA:3,2,1,0
BRDA:4,3,0,0
BRDA:4,3,1,14
BRDA:4,4,0,14
BRDA:4,4,1,14
BRDA:5,5,0,0
BRDA:5,5,1,0
BRDA:9,6,0,16
BRDA:9,6,1,16
BRDA:14,7,0,0
BRDA:14,7,1,8
BRDA:15,8,0,0
BRDA:15,8,1,8
BRF:19
BRH:11
end_of_record
TN:
SF:src/shared/ui/Button/Button.tsx
FN:18,(anonymous_0)
FNF:1
FNH:1
FNDA:5,(anonymous_0)
DA:18,1
DA:24,5
DA:25,5
LF:3
LH:3
BRF:0
BRH:0
end_of_record
