TN:
SF:src/shared/lib/classNames/classNames.js
FN:2,(anonymous_0)
FN:13,classNames
FN:19,(anonymous_2)
FN:23,(anonymous_3)
FNF:4
FNH:4
FNDA:6,(anonymous_0)
FNDA:3,classNames
FNDA:7,(anonymous_2)
FNDA:3,(anonymous_3)
DA:2,1
DA:3,6
DA:4,8
DA:5,0
DA:6,0
DA:9,6
DA:11,1
DA:12,1
DA:14,3
DA:15,3
DA:16,3
DA:20,7
DA:21,7
DA:24,3
DA:25,3
DA:28,1
LF:16
LH:14
BRDA:2,0,0,1
BRDA:2,0,1,0
BRDA:2,0,2,1
BRDA:3,1,0,6
BRDA:3,1,1,0
BRDA:3,2,0,6
BRDA:3,2,1,0
BRDA:4,3,0,0
BRDA:4,3,1,8
BRDA:4,4,0,8
BRDA:4,4,1,8
BRDA:5,5,0,0
BRDA:5,5,1,0
BRDA:9,6,0,6
BRDA:9,6,1,6
BRDA:14,7,0,0
BRDA:14,7,1,3
BRDA:15,8,0,0
BRDA:15,8,1,3
BRF:19
BRH:11
end_of_record
